[14:04:26] [ServerMain/INFO]: Environment: authHost='https://authserver.mojang.com', accountsHost='https://api.mojang.com', sessionHost='https://sessionserver.mojang.com', servicesHost='https://api.minecraftservices.com', name='PROD'
[14:04:29] [ServerMain/INFO]: Loaded 7 recipes
[14:04:29] [ServerMain/INFO]: Loaded 1271 advancements
[14:04:30] [Server thread/INFO]: Starting minecraft server version 1.20
[14:04:30] [Server thread/INFO]: Loading properties
[14:04:30] [Server thread/INFO]: Default game type: SURVIVAL
[14:04:30] [Server thread/INFO]: Generating keypair
[14:04:30] [Server thread/INFO]: Starting Minecraft server on *:25565
[14:04:30] [Server thread/INFO]: Using epoll channel type
[14:04:30] [Server thread/WARN]: **** SERVER IS RUNNING IN OFFLINE/INSECURE MODE!
[14:04:30] [Server thread/WARN]: The server will make no attempt to authenticate usernames. Beware.
[14:04:30] [Server thread/WARN]: While this makes the game possible to play without internet access, it also opens up the ability for hackers to connect with any username they choose.
[14:04:30] [Server thread/WARN]: To change this, set "online-mode" to "true" in the server.properties file.
[14:04:30] [Server thread/INFO]: Preparing level "world"
[14:04:36] [Server thread/INFO]: Preparing start region for dimension minecraft:overworld
[14:04:43] [Worker-Main-1/INFO]: Preparing spawn area: 0%
[14:04:43] [Worker-Main-1/INFO]: Preparing spawn area: 0%
[14:04:43] [Worker-Main-1/INFO]: Preparing spawn area: 0%
[14:04:43] [Worker-Main-1/INFO]: Preparing spawn area: 0%
[14:04:43] [Worker-Main-1/INFO]: Preparing spawn area: 0%
[14:04:43] [Worker-Main-1/INFO]: Preparing spawn area: 0%
[14:04:43] [Worker-Main-1/INFO]: Preparing spawn area: 0%
[14:04:43] [Worker-Main-1/INFO]: Preparing spawn area: 0%
[14:04:43] [Worker-Main-1/INFO]: Preparing spawn area: 0%
[14:04:43] [Worker-Main-1/INFO]: Preparing spawn area: 0%
[14:04:43] [Worker-Main-1/INFO]: Preparing spawn area: 0%
[14:04:43] [Worker-Main-1/INFO]: Preparing spawn area: 0%
[14:04:43] [Worker-Main-1/INFO]: Preparing spawn area: 0%
[14:04:43] [Worker-Main-1/INFO]: Preparing spawn area: 0%
[14:04:43] [Worker-Main-1/INFO]: Preparing spawn area: 0%
[14:04:44] [Worker-Main-1/INFO]: Preparing spawn area: 0%
[14:04:44] [Worker-Main-1/INFO]: Preparing spawn area: 0%
[14:04:45] [Worker-Main-1/INFO]: Preparing spawn area: 58%
[14:04:45] [Server thread/INFO]: Time elapsed: 8879 ms
[14:04:45] [Server thread/INFO]: Done (14.877s)! For help, type "help"
[14:04:57] [Server thread/INFO]: GiovanyBy14[/127.47.18.140:55391] logged in with entity id 99 at (2.5, 63.0, 0.5)
[14:04:57] [Server thread/INFO]: GiovanyBy14 joined the game
[14:05:06] [Server thread/INFO]: Lea[/127.174.21.12:34919] logged in with entity id 233 at (-454.2834323638578, 64.0, 187.4804394539206)
[14:05:06] [Server thread/INFO]: Lea joined the game
[14:05:34] [Server thread/INFO]: [Lea: Set own game mode to Spectator Mode]
[14:05:34] [Server thread/INFO]: Lea lost connection: Disconnected
[14:05:34] [Server thread/INFO]: Lea left the game
[14:05:34] [Server thread/WARN]: GiovanyBy14 was kicked for floating too long!
[14:05:35] [Server thread/INFO]: GiovanyBy14 lost connection: Flying is not enabled on this server
[14:05:35] [Server thread/INFO]: GiovanyBy14 left the game
[14:05:41] [Server thread/INFO]: Lea[/127.174.21.12:34211] logged in with entity id 523 at (-454.2834323638578, 64.0, 187.4804394539206)
[14:05:41] [Server thread/INFO]: Lea joined the game
[14:05:44] [Server thread/INFO]: GiovanyBy14[/127.47.18.140:36519] logged in with entity id 659 at (8.363839591202703, 64.24918707874468, 6.897725300379111)
[14:05:44] [Server thread/INFO]: GiovanyBy14 joined the game
[14:05:51] [Server thread/INFO]: [Lea: Set own game mode to Survival Mode]
[14:06:00] [Server thread/WARN]: Lea was kicked for floating too long!
[14:06:00] [Server thread/INFO]: Lea lost connection: Flying is not enabled on this server
[14:06:00] [Server thread/INFO]: Lea left the game
[14:06:18] [Server thread/INFO]: Lea[/127.174.21.12:49651] logged in with entity id 881 at (-452.3248392412814, 68.40600654941638, 180.6879447325391)
[14:06:18] [Server thread/INFO]: Lea joined the game
[14:06:36] [Server thread/INFO]: [Lea: Teleported GiovanyBy14 to Lea]
[14:06:46] [Server thread/INFO]: GiovanyBy14 has made the advancement [Sweet Dreams]
[14:09:02] [Server thread/INFO]: GiovanyBy14 has made the advancement [What a Deal!]
[14:11:26] [Server thread/INFO]: GiovanyBy14 has made the advancement [Isn't It Iron Pick]
[14:12:31] [Server thread/INFO]: GiovanyBy14 has made the advancement [Suit Up]
[14:13:03] [Server thread/INFO]: Lea has made the advancement [Suit Up]
[14:15:07] [Server thread/INFO]: Villager byb['Fisherman'/900, l='ServerLevel[world]', x=-462.25, y=63.90, z=184.90] died, message: 'Fisherman suffocated in a wall'
[14:17:56] [Server thread/INFO]: GiovanyBy14 has made the advancement [Cover Me with Diamonds]
[14:23:35] [Server thread/INFO]: Lea has made the advancement [Getting an Upgrade]
[14:28:22] [Server thread/WARN]: Lea moved too quickly! -0.6502306244229317,-10.227051217600648,-0.058898061893955855
[14:35:28] [Server thread/INFO]: Lea has made the advancement [Cover Me with Diamonds]
[14:37:15] [Server thread/WARN]: GiovanyBy14 moved too quickly! -0.5391788667777178,-2.07520089011895,10.065744201083845
[14:37:26] [Server thread/WARN]: GiovanyBy14 moved too quickly! -3.5854750138377085,-0.5061351021062137,9.54759593888707
[14:37:42] [Server thread/WARN]: GiovanyBy14 moved too quickly! 3.8431174499873464,2.9375,9.314491159855777
[14:38:01] [Server thread/WARN]: GiovanyBy14 moved too quickly! 0.334131971024874,-0.7477966597462711,-10.297719980646491
[14:39:32] [Server thread/INFO]: GiovanyBy14 lost connection: Timed out
[14:39:32] [Server thread/INFO]: GiovanyBy14 left the game
[14:39:43] [Server thread/INFO]: GiovanyBy14[/127.47.18.140:59235] logged in with entity id 14157 at (-447.59773352328074, 64.0, 193.28810600048413)
[14:39:43] [Server thread/INFO]: GiovanyBy14 joined the game
[14:42:44] [Server thread/INFO]: [Not Secure] <Lea> w
[14:46:50] [Server thread/INFO]: GiovanyBy14 has made the advancement [Getting an Upgrade]
[14:50:40] [Server thread/INFO]: GiovanyBy14 has made the advancement [Ice Bucket Challenge]
[14:52:01] [Server thread/INFO]: GiovanyBy14 has made the advancement [We Need to Go Deeper]
[14:52:04] [Server thread/WARN]: Can't keep up! Is the server overloaded? Running 5890ms or 117 ticks behind
[14:52:56] [Server thread/WARN]: GiovanyBy14 moved too quickly! 9.86488505514707,-1.2468000194787976,2.1991546791561674
[14:55:26] [Server thread/WARN]: Mismatch in destroy block pos: gu{x=-52, y=80, z=19} gu{x=-52, y=81, z=19}
[14:55:26] [Server thread/WARN]: Mismatch in destroy block pos: gu{x=-52, y=80, z=19} gu{x=-52, y=81, z=19}
[14:55:26] [Server thread/WARN]: Mismatch in destroy block pos: gu{x=-52, y=80, z=19} gu{x=-52, y=81, z=19}
[14:55:26] [Server thread/WARN]: Mismatch in destroy block pos: gu{x=-52, y=80, z=19} gu{x=-52, y=81, z=19}
[14:55:26] [Server thread/WARN]: Mismatch in destroy block pos: gu{x=-52, y=80, z=19} gu{x=-52, y=81, z=19}
[14:55:26] [Server thread/WARN]: Mismatch in destroy block pos: gu{x=-52, y=80, z=19} gu{x=-52, y=81, z=19}
[14:55:26] [Server thread/WARN]: Mismatch in destroy block pos: gu{x=-52, y=80, z=19} gu{x=-52, y=81, z=19}
[14:55:26] [Server thread/WARN]: Mismatch in destroy block pos: gu{x=-52, y=80, z=19} gu{x=-52, y=81, z=19}
[14:55:26] [Server thread/WARN]: Mismatch in destroy block pos: gu{x=-52, y=80, z=19} gu{x=-52, y=81, z=19}
[14:55:27] [Server thread/WARN]: Mismatch in destroy block pos: gu{x=-52, y=80, z=19} gu{x=-52, y=81, z=19}
[14:55:27] [Server thread/WARN]: Mismatch in destroy block pos: gu{x=-52, y=80, z=19} gu{x=-52, y=81, z=19}
[14:55:27] [Server thread/WARN]: Mismatch in destroy block pos: gu{x=-52, y=80, z=19} gu{x=-52, y=81, z=19}
[14:55:27] [Server thread/WARN]: Mismatch in destroy block pos: gu{x=-52, y=80, z=19} gu{x=-52, y=81, z=19}
[14:55:27] [Server thread/WARN]: Mismatch in destroy block pos: gu{x=-52, y=80, z=19} gu{x=-52, y=81, z=19}
[14:55:27] [Server thread/WARN]: Mismatch in destroy block pos: gu{x=-52, y=80, z=19} gu{x=-52, y=81, z=19}
[14:55:27] [Server thread/WARN]: Mismatch in destroy block pos: gu{x=-52, y=80, z=19} gu{x=-52, y=81, z=19}
[14:55:27] [Server thread/WARN]: Mismatch in destroy block pos: gu{x=-52, y=80, z=19} gu{x=-52, y=81, z=19}
[14:55:27] [Server thread/WARN]: Mismatch in destroy block pos: gu{x=-52, y=80, z=19} gu{x=-52, y=81, z=19}
[14:55:27] [Server thread/WARN]: Mismatch in destroy block pos: gu{x=-52, y=80, z=19} gu{x=-52, y=81, z=19}
[14:55:27] [Server thread/WARN]: Mismatch in destroy block pos: gu{x=-52, y=80, z=19} gu{x=-52, y=81, z=19}
[14:55:27] [Server thread/WARN]: Mismatch in destroy block pos: gu{x=-52, y=80, z=19} gu{x=-52, y=81, z=19}
[14:55:27] [Server thread/WARN]: Mismatch in destroy block pos: gu{x=-52, y=80, z=19} gu{x=-52, y=81, z=19}
[14:55:27] [Server thread/WARN]: Mismatch in destroy block pos: gu{x=-52, y=80, z=19} gu{x=-52, y=81, z=19}
[14:55:27] [Server thread/WARN]: Mismatch in destroy block pos: gu{x=-52, y=80, z=19} gu{x=-52, y=81, z=19}
[14:55:27] [Server thread/WARN]: Mismatch in destroy block pos: gu{x=-52, y=80, z=19} gu{x=-52, y=81, z=19}
[14:55:27] [Server thread/WARN]: Mismatch in destroy block pos: gu{x=-52, y=80, z=19} gu{x=-52, y=81, z=19}
[14:55:27] [Server thread/WARN]: Mismatch in destroy block pos: gu{x=-52, y=80, z=19} gu{x=-52, y=81, z=19}
[14:57:08] [Server thread/INFO]: GiovanyBy14 has made the advancement [Monster Hunter]
[14:58:04] [Server thread/WARN]: GiovanyBy14 was kicked for floating too long!
[14:58:04] [Server thread/INFO]: GiovanyBy14 lost connection: Flying is not enabled on this server
[14:58:04] [Server thread/INFO]: GiovanyBy14 left the game
[14:58:12] [Server thread/INFO]: GiovanyBy14[/127.47.18.140:46491] logged in with entity id 25116 at (-98.35129410756201, 88.7531999805212, -86.37932145815165)
[14:58:12] [Server thread/INFO]: GiovanyBy14 joined the game
[15:02:59] [Server thread/INFO]: GiovanyBy14 lost connection: Disconnected
[15:02:59] [Server thread/INFO]: GiovanyBy14 left the game
[15:15:44] [Server thread/INFO]: [Not Secure] <Lea> wwwwwwwwwww
[15:16:29] [Server thread/INFO]: GiovanyBy14[/127.47.18.140:45335] logged in with entity id 29250 at (60.19469872795254, 54.0, -39.564276699831744)
[15:16:29] [Server thread/INFO]: GiovanyBy14 joined the game
[15:17:29] [Server thread/INFO]: GiovanyBy14 has made the advancement [Not Today, Thank You]
[15:20:45] [Server thread/INFO]: GiovanyBy14 has made the advancement [Those Were the Days]
[15:26:12] [Server thread/INFO]: GiovanyBy14 lost connection: Disconnected
[15:26:12] [Server thread/INFO]: GiovanyBy14 left the game
[15:26:28] [Server thread/INFO]: GiovanyBy14[/127.47.18.140:38651] logged in with entity id 33031 at (215.56315373758284, 34.0, -237.2842404361625)
[15:26:28] [Server thread/INFO]: GiovanyBy14 joined the game
[15:26:45] [Server thread/INFO]: GiovanyBy14 has made the advancement [War Pigs]
[15:26:48] [Server thread/INFO]: GiovanyBy14 has made the advancement [Who is Cutting Onions?]
[15:28:56] [Server thread/INFO]: GiovanyBy14 has made the advancement [Stone Age]
[15:35:06] [Server thread/INFO]: GiovanyBy14 has made the advancement [Take Aim]
[15:37:32] [Server thread/INFO]: GiovanyBy14 lost connection: Disconnected
[15:37:32] [Server thread/INFO]: GiovanyBy14 left the game
[15:37:44] [Server thread/INFO]: GiovanyBy14[/127.47.18.140:60843] logged in with entity id 38075 at (0.816615920853417, 57.0, -214.50800100739602)
[15:37:44] [Server thread/INFO]: GiovanyBy14 joined the game
[15:41:04] [Server thread/INFO]: Villager byb['Cleric'/2979, l='ServerLevel[world]', x=-444.61, y=64.00, z=194.70] died, message: 'Cleric tried to swim in lava'
[15:44:52] [Server thread/INFO]: GiovanyBy14 has made the advancement [Acquire Hardware]
[15:49:03] [Server thread/INFO]: GiovanyBy14 lost connection: Disconnected
[15:49:03] [Server thread/INFO]: GiovanyBy14 left the game
[15:49:41] [Server thread/INFO]: GiovanyBy14[/127.47.18.140:37799] logged in with entity id 48725 at (-10.188093480209128, 60.0, -191.13667511450183)
[15:49:41] [Server thread/INFO]: GiovanyBy14 joined the game
[15:54:40] [Server thread/INFO]: GiovanyBy14 has completed the challenge [Hot Tourist Destinations]
[15:54:43] [Server thread/WARN]: GiovanyBy14 moved wrongly!
[15:57:49] [Server thread/INFO]: Villager byb['Cleric'/896, l='ServerLevel[world]', x=-432.36, y=64.00, z=209.45] died, message: 'Cleric tried to swim in lava'
[16:00:09] [Server thread/INFO]: GiovanyBy14 lost connection: Disconnected
[16:00:09] [Server thread/INFO]: GiovanyBy14 left the game
[16:00:36] [Server thread/INFO]: GiovanyBy14[/127.47.18.140:39025] logged in with entity id 53854 at (-62.1680959941674, 78.0, 172.4292579207282)
[16:00:36] [Server thread/INFO]: GiovanyBy14 joined the game
[16:03:33] [Server thread/INFO]: Villager byb['Villager'/32772, l='ServerLevel[world]', x=-446.30, y=64.00, z=194.70] died, message: 'Villager was slain by Lea'
[16:09:29] [Server thread/INFO]: Lea has made the advancement [We Need to Go Deeper]
[16:10:30] [Server thread/INFO]: Lea fell from a high place
[16:12:59] [Server thread/INFO]: GiovanyBy14 has made the advancement [Diamonds!]
[16:13:13] [Server thread/INFO]: Lea fell from a high place
[16:15:22] [Server thread/INFO]: GiovanyBy14 lost connection: Timed out
[16:15:22] [Server thread/INFO]: GiovanyBy14 left the game
[16:16:07] [Server thread/INFO]: GiovanyBy14[/127.47.18.140:41507] logged in with entity id 60165 at (-404.69999998807907, -51.0, 117.30000001192093)
[16:16:07] [Server thread/INFO]: GiovanyBy14 joined the game
[16:18:10] [Server thread/INFO]: Lea has made the advancement [A Terrible Fortress]
[16:18:39] [Server thread/INFO]: Lea has made the advancement [Not Today, Thank You]
[16:19:20] [Server thread/INFO]: Lea withered away whilst fighting Wither Skeleton
[16:20:09] [Server thread/INFO]: Lea lost connection: Disconnected
[16:20:09] [Server thread/INFO]: Lea left the game
[16:21:39] [Server thread/INFO]: GiovanyBy14 lost connection: Disconnected
[16:21:39] [Server thread/INFO]: GiovanyBy14 left the game
[16:25:03] [Server thread/INFO]: GiovanyBy14[/127.47.18.140:48457] logged in with entity id 62826 at (-332.30000001192093, 1.0, 152.69999998807907)
[16:25:03] [Server thread/INFO]: GiovanyBy14 joined the game
[16:33:35] [Server thread/INFO]: Lea[/127.174.21.12:49823] logged in with entity id 66191 at (-452.9702871722999, 65.0, 201.96944680298918)
[16:33:35] [Server thread/INFO]: Lea joined the game
[16:33:52] [Server thread/INFO]: [Not Secure] <Lea> _452 201
[16:33:58] [Server thread/INFO]: Lea lost connection: Disconnected
[16:33:58] [Server thread/INFO]: Lea left the game
[16:34:07] [Server thread/INFO]: Lea[/127.174.21.12:59609] logged in with entity id 66796 at (-452.9702871722999, 65.0, 201.96944680298918)
[16:34:07] [Server thread/INFO]: Lea joined the game
[16:34:10] [Server thread/INFO]: Lea lost connection: Disconnected
[16:34:10] [Server thread/INFO]: Lea left the game
[16:44:24] [Server thread/INFO]: Lea[/127.174.21.12:55151] logged in with entity id 72051 at (-452.9702871722999, 65.0, 201.96944680298918)
[16:44:24] [Server thread/INFO]: Lea joined the game
[16:44:55] [Server thread/INFO]: Lea was slain by GiovanyBy14
